<?xml version="1.0" encoding="UTF-8"?>
<!-- Generated by org.testng.reporters.JUnitReportReporter -->
<testsuite hostname="DESKTOP-RQATLGM" failures="0" tests="4" name="tests.WebGoat8Api" time="3.535" errors="0" timestamp="2024-05-10T15:23:04 IST" skipped="0">
  <testcase classname="tests.WebGoat8Api" name="testLoginAndGetSessionId" time="1.719"/>
  <system-out/>
  <testcase classname="tests.WebGoat8Api" name="testSuccessfulSqlInjection" time="1.103"/>
  <system-out/>
  <testcase classname="tests.WebGoat8Api" name="testSuccessfulSqlInjectionEmptyName" time="0.359"/>
  <system-out/>
  <testcase classname="tests.WebGoat8Api" name="testSqlInjectionWronInput" time="0.354"/>
  <system-out/>
</testsuite> <!-- tests.WebGoat8Api -->
