<?xml version="1.0" encoding="UTF-8"?>
<!-- Generated by org.testng.reporters.JUnitReportReporter -->
<testsuite hostname="DESKTOP-RQATLGM" failures="0" tests="1" name="tests.AnderoidAppium" time="28.162" errors="0" timestamp="2024-05-13T17:06:30 IST" skipped="0">
  <testcase classname="tests.AnderoidAppium" name="myAnderoidInstagramLaunchTest" time="28.162"/>
  <system-out/>
</testsuite> <!-- tests.AnderoidAppium -->
