<?xml version="1.0" encoding="UTF-8"?>
<!-- Generated by org.testng.reporters.JUnitReportReporter -->
<testsuite hostname="DESKTOP-RQATLGM" failures="0" tests="4" name="tests.WebGoat8Api" time="2.850" errors="0" timestamp="2024-05-13T17:06:30 IST" skipped="0">
  <testcase classname="tests.WebGoat8Api" name="testLoginAndGetSessionId" time="1.179"/>
  <system-out/>
  <testcase classname="tests.WebGoat8Api" name="testSuccessfulSqlInjection" time="0.993"/>
  <system-out/>
  <testcase classname="tests.WebGoat8Api" name="testSuccessfulSqlInjectionEmptyName" time="0.368"/>
  <system-out/>
  <testcase classname="tests.WebGoat8Api" name="testSqlInjectionWronInput" time="0.310"/>
  <system-out/>
</testsuite> <!-- tests.WebGoat8Api -->
