<?xml version="1.0" encoding="UTF-8"?>
<!-- Generated by org.testng.reporters.JUnitReportReporter -->
<testsuite hostname="DESKTOP-RQATLGM" failures="0" tests="1" name="tests.AnderoidAppium" time="33.076" errors="0" timestamp="2024-05-10T15:23:04 IST" skipped="0">
  <testcase classname="tests.AnderoidAppium" name="myAnderoidInstagramLaunchTest" time="33.076"/>
  <system-out/>
</testsuite> <!-- tests.AnderoidAppium -->
