<?xml version="1.0" encoding="UTF-8"?>
<!-- Generated by org.testng.reporters.JUnitReportReporter -->
<testsuite hostname="DESKTOP-RQATLGM" failures="0" tests="1" name="tests.AnderoidAppium" time="34.669" errors="0" timestamp="2024-05-08T18:29:40 IST" skipped="0">
  <testcase classname="tests.AnderoidAppium" name="myAnderoidInstagramLaunchTest" time="34.669"/>
  <system-out/>
</testsuite> <!-- tests.AnderoidAppium -->
