<?xml version="1.0" encoding="UTF-8"?>
<!-- Generated by org.testng.reporters.JUnitReportReporter -->
<testsuite hostname="DESKTOP-RQATLGM" failures="0" tests="4" name="tests.WebGoat8Api" time="2.859" errors="0" timestamp="2024-05-13T17:05:12 IST" skipped="0">
  <testcase classname="tests.WebGoat8Api" name="testLoginAndGetSessionId" time="1.183"/>
  <system-out/>
  <testcase classname="tests.WebGoat8Api" name="testSuccessfulSqlInjection" time="1.092"/>
  <system-out/>
  <testcase classname="tests.WebGoat8Api" name="testSuccessfulSqlInjectionEmptyName" time="0.309"/>
  <system-out/>
  <testcase classname="tests.WebGoat8Api" name="testSqlInjectionWronInput" time="0.275"/>
  <system-out/>
</testsuite> <!-- tests.WebGoat8Api -->
